09/May/2022:00:57:20 281 [StartupInfoLogger.java] [INFO] com.spe.iiitbcms.SpringIIITcmsApplication Starting SpringIIITcmsApplication using Java 11.0.15 on akshathkaushal-Latitude-5420 with PID 148646 (/home/akshathkaushal/Desktop/Work/DevOps/iiitbcms/target/classes started by akshathkaushal in /home/akshathkaushal/Desktop/Work/DevOps/iiitbcms)
09/May/2022:00:57:20 284 [SpringApplication.java] [INFO] com.spe.iiitbcms.SpringIIITcmsApplication No active profile set, falling back to default profiles: default
09/May/2022:00:57:23 649 [StartupInfoLogger.java] [INFO] com.spe.iiitbcms.SpringIIITcmsApplication Started SpringIIITcmsApplication in 3.606 seconds (JVM running for 4.312)
09/May/2022:00:57:43 917 [AuthController.java] [INFO] com.spe.iiitbcms.controller.AuthController Logging in
09/May/2022:01:00:17 698 [PostController.java] [INFO] com.spe.iiitbcms.controller.PostController Successfully fetched posts for roll number IMT2018501
09/May/2022:01:01:06 030 [AuthController.java] [INFO] com.spe.iiitbcms.controller.AuthController Logging in
09/May/2022:01:01:20 300 [SubpostController.java] [INFO] com.spe.iiitbcms.controller.SubpostController Successfully created post
09/May/2022:01:01:36 798 [SubpostController.java] [INFO] com.spe.iiitbcms.controller.SubpostController Successfully fetched subposts
09/May/2022:01:02:33 375 [CommentsController.java] [INFO] com.spe.iiitbcms.controller.CommentsController Successfully fetched comments for the user with roll number imt2018501
09/May/2022:01:02:50 688 [VoteController.java] [INFO] com.spe.iiitbcms.controller.VoteController Successfully voted
09/May/2022:01:03:08 853 [VoteController.java] [INFO] com.spe.iiitbcms.controller.VoteController Successfully voted
09/May/2022:01:03:52 407 [PostController.java] [INFO] com.spe.iiitbcms.controller.PostController Successfully fetched posts for roll number IMT2018501
09/May/2022:01:04:11 137 [SubpostController.java] [INFO] com.spe.iiitbcms.controller.SubpostController Successfully fetched subposts
09/May/2022:01:04:38 029 [AuthController.java] [INFO] com.spe.iiitbcms.controller.AuthController Logging in
09/May/2022:01:04:51 629 [PostController.java] [INFO] com.spe.iiitbcms.controller.PostController Successfully created post
09/May/2022:04:27:26 825 [StartupInfoLogger.java] [INFO] com.spe.iiitbcms.service.CommentServiceTest Starting CommentServiceTest using Java 11.0.15 on akshathkaushal-Latitude-5420 with PID 169617 (started by akshathkaushal in /home/akshathkaushal/Desktop/Work/DevOps/iiitbcms)
09/May/2022:04:27:26 828 [SpringApplication.java] [INFO] com.spe.iiitbcms.service.CommentServiceTest No active profile set, falling back to default profiles: default
09/May/2022:04:27:31 426 [StartupInfoLogger.java] [INFO] com.spe.iiitbcms.service.CommentServiceTest Started CommentServiceTest in 4.816 seconds (JVM running for 6.282)
09/May/2022:04:27:50 147 [StartupInfoLogger.java] [INFO] com.spe.iiitbcms.service.PostServiceTest Starting PostServiceTest using Java 11.0.15 on akshathkaushal-Latitude-5420 with PID 169721 (started by akshathkaushal in /home/akshathkaushal/Desktop/Work/DevOps/iiitbcms)
09/May/2022:04:27:50 150 [SpringApplication.java] [INFO] com.spe.iiitbcms.service.PostServiceTest No active profile set, falling back to default profiles: default
09/May/2022:04:27:54 610 [StartupInfoLogger.java] [INFO] com.spe.iiitbcms.service.PostServiceTest Started PostServiceTest in 4.657 seconds (JVM running for 5.973)
09/May/2022:04:34:22 604 [StartupInfoLogger.java] [INFO] com.spe.iiitbcms.repository.UserRepositoryTest Starting UserRepositoryTest using Java 11.0.15 on akshathkaushal-Latitude-5420 with PID 175671 (started by akshathkaushal in /home/akshathkaushal/Desktop/Work/DevOps/iiitbcms)
09/May/2022:04:34:22 607 [SpringApplication.java] [INFO] com.spe.iiitbcms.repository.UserRepositoryTest No active profile set, falling back to default profiles: default
09/May/2022:04:34:27 023 [StartupInfoLogger.java] [INFO] com.spe.iiitbcms.repository.UserRepositoryTest Started UserRepositoryTest in 4.621 seconds (JVM running for 17.343)
09/May/2022:04:35:07 392 [StartupInfoLogger.java] [INFO] com.spe.iiitbcms.repository.UserRepositoryTest Starting UserRepositoryTest using Java 11.0.15 on akshathkaushal-Latitude-5420 with PID 176936 (started by akshathkaushal in /home/akshathkaushal/Desktop/Work/DevOps/iiitbcms)
09/May/2022:04:35:07 396 [SpringApplication.java] [INFO] com.spe.iiitbcms.repository.UserRepositoryTest No active profile set, falling back to default profiles: default
09/May/2022:04:35:11 505 [StartupInfoLogger.java] [INFO] com.spe.iiitbcms.repository.UserRepositoryTest Started UserRepositoryTest in 4.322 seconds (JVM running for 15.923)
09/May/2022:04:36:49 235 [StartupInfoLogger.java] [INFO] com.spe.iiitbcms.repository.PostRepositoryTest Starting PostRepositoryTest using Java 11.0.15 on akshathkaushal-Latitude-5420 with PID 177756 (started by akshathkaushal in /home/akshathkaushal/Desktop/Work/DevOps/iiitbcms)
09/May/2022:04:36:49 238 [SpringApplication.java] [INFO] com.spe.iiitbcms.repository.PostRepositoryTest No active profile set, falling back to default profiles: default
09/May/2022:04:36:53 568 [StartupInfoLogger.java] [INFO] com.spe.iiitbcms.repository.PostRepositoryTest Started PostRepositoryTest in 4.537 seconds (JVM running for 16.179)
09/May/2022:04:37:59 937 [StartupInfoLogger.java] [INFO] com.spe.iiitbcms.SpringIIITcmsApplication Starting SpringIIITcmsApplication using Java 11.0.15 on akshathkaushal-Latitude-5420 with PID 178588 (/home/akshathkaushal/Desktop/Work/DevOps/iiitbcms/target/classes started by akshathkaushal in /home/akshathkaushal/Desktop/Work/DevOps/iiitbcms)
09/May/2022:04:37:59 941 [SpringApplication.java] [INFO] com.spe.iiitbcms.SpringIIITcmsApplication No active profile set, falling back to default profiles: default
09/May/2022:04:38:03 408 [StartupInfoLogger.java] [INFO] com.spe.iiitbcms.SpringIIITcmsApplication Started SpringIIITcmsApplication in 3.718 seconds (JVM running for 4.593)
09/May/2022:04:38:32 034 [StartupInfoLogger.java] [INFO] com.spe.iiitbcms.IiitbcmsApplicationTests Starting IiitbcmsApplicationTests using Java 11.0.15 on akshathkaushal-Latitude-5420 with PID 178796 (started by akshathkaushal in /home/akshathkaushal/Desktop/Work/DevOps/iiitbcms)
09/May/2022:04:38:32 037 [SpringApplication.java] [INFO] com.spe.iiitbcms.IiitbcmsApplicationTests No active profile set, falling back to default profiles: default
09/May/2022:04:38:36 389 [StartupInfoLogger.java] [INFO] com.spe.iiitbcms.IiitbcmsApplicationTests Started IiitbcmsApplicationTests in 4.556 seconds (JVM running for 5.783)
09/May/2022:04:54:16 478 [StartupInfoLogger.java] [INFO] com.spe.iiitbcms.IiitbcmsApplicationTests Starting IiitbcmsApplicationTests using Java 11.0.15 on akshathkaushal-Latitude-5420 with PID 5333 (started by akshathkaushal in /home/akshathkaushal/Desktop/Work/DevOps/iiitbcms)
09/May/2022:04:54:16 481 [SpringApplication.java] [INFO] com.spe.iiitbcms.IiitbcmsApplicationTests No active profile set, falling back to default profiles: default
09/May/2022:04:54:21 183 [StartupInfoLogger.java] [INFO] com.spe.iiitbcms.IiitbcmsApplicationTests Started IiitbcmsApplicationTests in 4.936 seconds (JVM running for 6.27)
09/May/2022:04:54:31 797 [StartupInfoLogger.java] [INFO] com.spe.iiitbcms.repository.UserRepositoryTest Starting UserRepositoryTest using Java 11.0.15 on akshathkaushal-Latitude-5420 with PID 5333 (started by akshathkaushal in /home/akshathkaushal/Desktop/Work/DevOps/iiitbcms)
09/May/2022:04:54:31 798 [SpringApplication.java] [INFO] com.spe.iiitbcms.repository.UserRepositoryTest No active profile set, falling back to default profiles: default
09/May/2022:04:54:33 104 [StartupInfoLogger.java] [INFO] com.spe.iiitbcms.repository.UserRepositoryTest Started UserRepositoryTest in 1.329 seconds (JVM running for 18.192)
09/May/2022:04:55:16 079 [StartupInfoLogger.java] [INFO] com.spe.iiitbcms.IiitbcmsApplicationTests Starting IiitbcmsApplicationTests using Java 11.0.15 on akshathkaushal-Latitude-5420 with PID 6178 (started by akshathkaushal in /home/akshathkaushal/Desktop/Work/DevOps/iiitbcms)
09/May/2022:04:55:16 082 [SpringApplication.java] [INFO] com.spe.iiitbcms.IiitbcmsApplicationTests No active profile set, falling back to default profiles: default
09/May/2022:04:55:20 602 [StartupInfoLogger.java] [INFO] com.spe.iiitbcms.IiitbcmsApplicationTests Started IiitbcmsApplicationTests in 4.747 seconds (JVM running for 5.937)
09/May/2022:04:55:31 053 [StartupInfoLogger.java] [INFO] com.spe.iiitbcms.repository.UserRepositoryTest Starting UserRepositoryTest using Java 11.0.15 on akshathkaushal-Latitude-5420 with PID 6178 (started by akshathkaushal in /home/akshathkaushal/Desktop/Work/DevOps/iiitbcms)
09/May/2022:04:55:31 054 [SpringApplication.java] [INFO] com.spe.iiitbcms.repository.UserRepositoryTest No active profile set, falling back to default profiles: default
09/May/2022:04:55:32 816 [StartupInfoLogger.java] [INFO] com.spe.iiitbcms.repository.UserRepositoryTest Started UserRepositoryTest in 1.8 seconds (JVM running for 18.151)
09/May/2022:04:57:09 954 [StartupInfoLogger.java] [INFO] com.spe.iiitbcms.IiitbcmsApplicationTests Starting IiitbcmsApplicationTests using Java 11.0.15 on akshathkaushal-Latitude-5420 with PID 7168 (started by akshathkaushal in /home/akshathkaushal/Desktop/Work/DevOps/iiitbcms)
09/May/2022:04:57:09 956 [SpringApplication.java] [INFO] com.spe.iiitbcms.IiitbcmsApplicationTests No active profile set, falling back to default profiles: default
09/May/2022:04:57:14 877 [StartupInfoLogger.java] [INFO] com.spe.iiitbcms.IiitbcmsApplicationTests Started IiitbcmsApplicationTests in 5.177 seconds (JVM running for 6.55)
09/May/2022:04:57:26 753 [StartupInfoLogger.java] [INFO] com.spe.iiitbcms.repository.UserRepositoryTest Starting UserRepositoryTest using Java 11.0.15 on akshathkaushal-Latitude-5420 with PID 7168 (started by akshathkaushal in /home/akshathkaushal/Desktop/Work/DevOps/iiitbcms)
09/May/2022:04:57:26 754 [SpringApplication.java] [INFO] com.spe.iiitbcms.repository.UserRepositoryTest No active profile set, falling back to default profiles: default
09/May/2022:04:57:28 046 [StartupInfoLogger.java] [INFO] com.spe.iiitbcms.repository.UserRepositoryTest Started UserRepositoryTest in 1.323 seconds (JVM running for 19.719)
09/May/2022:05:00:15 901 [StartupInfoLogger.java] [INFO] com.spe.iiitbcms.SpringIIITcmsApplication Starting SpringIIITcmsApplication using Java 11.0.15 on akshathkaushal-Latitude-5420 with PID 9718 (/home/akshathkaushal/Desktop/Work/DevOps/iiitbcms/target/classes started by akshathkaushal in /home/akshathkaushal/Desktop/Work/DevOps/iiitbcms)
09/May/2022:05:00:15 904 [SpringApplication.java] [INFO] com.spe.iiitbcms.SpringIIITcmsApplication No active profile set, falling back to default profiles: default
09/May/2022:05:00:19 099 [StartupInfoLogger.java] [INFO] com.spe.iiitbcms.SpringIIITcmsApplication Started SpringIIITcmsApplication in 3.466 seconds (JVM running for 4.297)
09/May/2022:05:05:22 917 [StartupInfoLogger.java] [INFO] com.spe.iiitbcms.IiitbcmsApplicationTests Starting IiitbcmsApplicationTests using Java 11.0.15 on akshathkaushal-Latitude-5420 with PID 11902 (started by akshathkaushal in /home/akshathkaushal/Desktop/Work/DevOps/iiitbcms)
09/May/2022:05:05:22 921 [SpringApplication.java] [INFO] com.spe.iiitbcms.IiitbcmsApplicationTests No active profile set, falling back to default profiles: default
09/May/2022:05:05:27 343 [StartupInfoLogger.java] [INFO] com.spe.iiitbcms.IiitbcmsApplicationTests Started IiitbcmsApplicationTests in 4.62 seconds (JVM running for 6.057)
09/May/2022:05:05:37 555 [StartupInfoLogger.java] [INFO] com.spe.iiitbcms.repository.UserRepositoryTest Starting UserRepositoryTest using Java 11.0.15 on akshathkaushal-Latitude-5420 with PID 11902 (started by akshathkaushal in /home/akshathkaushal/Desktop/Work/DevOps/iiitbcms)
09/May/2022:05:05:37 556 [SpringApplication.java] [INFO] com.spe.iiitbcms.repository.UserRepositoryTest No active profile set, falling back to default profiles: default
09/May/2022:05:05:38 704 [StartupInfoLogger.java] [INFO] com.spe.iiitbcms.repository.UserRepositoryTest Started UserRepositoryTest in 1.176 seconds (JVM running for 17.418)
09/May/2022:16:38:42 851 [StartupInfoLogger.java] [INFO] com.spe.iiitbcms.IiitbcmsApplicationTests Starting IiitbcmsApplicationTests using Java 11.0.15 on akshathkaushal-Latitude-5420 with PID 69756 (started by akshathkaushal in /home/akshathkaushal/Desktop/Work/DevOps/iiitbcms)
09/May/2022:16:38:42 854 [SpringApplication.java] [INFO] com.spe.iiitbcms.IiitbcmsApplicationTests No active profile set, falling back to default profiles: default
09/May/2022:16:38:47 898 [StartupInfoLogger.java] [INFO] com.spe.iiitbcms.IiitbcmsApplicationTests Started IiitbcmsApplicationTests in 5.282 seconds (JVM running for 6.667)
09/May/2022:16:38:59 897 [StartupInfoLogger.java] [INFO] com.spe.iiitbcms.repository.UserRepositoryTest Starting UserRepositoryTest using Java 11.0.15 on akshathkaushal-Latitude-5420 with PID 69756 (started by akshathkaushal in /home/akshathkaushal/Desktop/Work/DevOps/iiitbcms)
09/May/2022:16:38:59 897 [SpringApplication.java] [INFO] com.spe.iiitbcms.repository.UserRepositoryTest No active profile set, falling back to default profiles: default
09/May/2022:16:39:01 312 [StartupInfoLogger.java] [INFO] com.spe.iiitbcms.repository.UserRepositoryTest Started UserRepositoryTest in 1.439 seconds (JVM running for 20.081)
09/May/2022:16:40:21 424 [StartupInfoLogger.java] [INFO] com.spe.iiitbcms.IiitbcmsApplicationTests Starting IiitbcmsApplicationTests using Java 11.0.15 on akshathkaushal-Latitude-5420 with PID 71349 (started by akshathkaushal in /home/akshathkaushal/Desktop/Work/DevOps/iiitbcms)
09/May/2022:16:40:21 427 [SpringApplication.java] [INFO] com.spe.iiitbcms.IiitbcmsApplicationTests No active profile set, falling back to default profiles: default
09/May/2022:16:40:26 175 [StartupInfoLogger.java] [INFO] com.spe.iiitbcms.IiitbcmsApplicationTests Started IiitbcmsApplicationTests in 4.957 seconds (JVM running for 6.193)
09/May/2022:16:40:36 560 [StartupInfoLogger.java] [INFO] com.spe.iiitbcms.repository.UserRepositoryTest Starting UserRepositoryTest using Java 11.0.15 on akshathkaushal-Latitude-5420 with PID 71349 (started by akshathkaushal in /home/akshathkaushal/Desktop/Work/DevOps/iiitbcms)
09/May/2022:16:40:36 561 [SpringApplication.java] [INFO] com.spe.iiitbcms.repository.UserRepositoryTest No active profile set, falling back to default profiles: default
09/May/2022:16:40:38 174 [StartupInfoLogger.java] [INFO] com.spe.iiitbcms.repository.UserRepositoryTest Started UserRepositoryTest in 1.647 seconds (JVM running for 18.191)
09/May/2022:16:54:59 111 [StartupInfoLogger.java] [INFO] com.spe.iiitbcms.IiitbcmsApplicationTests Starting IiitbcmsApplicationTests using Java 11.0.15 on akshathkaushal-Latitude-5420 with PID 81547 (started by akshathkaushal in /home/akshathkaushal/Desktop/Work/DevOps/iiitbcms)
09/May/2022:16:54:59 114 [SpringApplication.java] [INFO] com.spe.iiitbcms.IiitbcmsApplicationTests No active profile set, falling back to default profiles: default
09/May/2022:16:55:03 477 [StartupInfoLogger.java] [INFO] com.spe.iiitbcms.IiitbcmsApplicationTests Started IiitbcmsApplicationTests in 4.576 seconds (JVM running for 5.815)
09/May/2022:16:55:13 754 [StartupInfoLogger.java] [INFO] com.spe.iiitbcms.repository.UserRepositoryTest Starting UserRepositoryTest using Java 11.0.15 on akshathkaushal-Latitude-5420 with PID 81547 (started by akshathkaushal in /home/akshathkaushal/Desktop/Work/DevOps/iiitbcms)
09/May/2022:16:55:13 755 [SpringApplication.java] [INFO] com.spe.iiitbcms.repository.UserRepositoryTest No active profile set, falling back to default profiles: default
09/May/2022:16:55:15 096 [StartupInfoLogger.java] [INFO] com.spe.iiitbcms.repository.UserRepositoryTest Started UserRepositoryTest in 1.385 seconds (JVM running for 17.434)
09/May/2022:18:10:39 707 [StartupInfoLogger.java] [INFO] com.spe.iiitbcms.IiitbcmsApplicationTests Starting IiitbcmsApplicationTests using Java 11.0.15 on akshathkaushal-Latitude-5420 with PID 110313 (started by akshathkaushal in /home/akshathkaushal/Desktop/Work/DevOps/iiitbcms)
09/May/2022:18:10:39 711 [SpringApplication.java] [INFO] com.spe.iiitbcms.IiitbcmsApplicationTests No active profile set, falling back to default profiles: default
09/May/2022:18:10:41 919 [StartupInfoLogger.java] [INFO] com.spe.iiitbcms.service.CommentServiceTest Starting CommentServiceTest using Java 11.0.15 on akshathkaushal-Latitude-5420 with PID 110313 (started by akshathkaushal in /home/akshathkaushal/Desktop/Work/DevOps/iiitbcms)
09/May/2022:18:10:41 920 [SpringApplication.java] [INFO] com.spe.iiitbcms.service.CommentServiceTest No active profile set, falling back to default profiles: default
09/May/2022:18:10:42 456 [StartupInfoLogger.java] [INFO] com.spe.iiitbcms.service.CommentServiceTest Starting CommentServiceTest using Java 11.0.15 on akshathkaushal-Latitude-5420 with PID 110313 (started by akshathkaushal in /home/akshathkaushal/Desktop/Work/DevOps/iiitbcms)
09/May/2022:18:10:42 457 [SpringApplication.java] [INFO] com.spe.iiitbcms.service.CommentServiceTest No active profile set, falling back to default profiles: default
09/May/2022:18:10:42 897 [StartupInfoLogger.java] [INFO] com.spe.iiitbcms.service.PostServiceTest Starting PostServiceTest using Java 11.0.15 on akshathkaushal-Latitude-5420 with PID 110313 (started by akshathkaushal in /home/akshathkaushal/Desktop/Work/DevOps/iiitbcms)
09/May/2022:18:10:42 898 [SpringApplication.java] [INFO] com.spe.iiitbcms.service.PostServiceTest No active profile set, falling back to default profiles: default
09/May/2022:18:10:43 287 [StartupInfoLogger.java] [INFO] com.spe.iiitbcms.service.PostServiceTest Starting PostServiceTest using Java 11.0.15 on akshathkaushal-Latitude-5420 with PID 110313 (started by akshathkaushal in /home/akshathkaushal/Desktop/Work/DevOps/iiitbcms)
09/May/2022:18:10:43 287 [SpringApplication.java] [INFO] com.spe.iiitbcms.service.PostServiceTest No active profile set, falling back to default profiles: default
09/May/2022:18:10:53 641 [StartupInfoLogger.java] [INFO] com.spe.iiitbcms.repository.UserRepositoryTest Starting UserRepositoryTest using Java 11.0.15 on akshathkaushal-Latitude-5420 with PID 110313 (started by akshathkaushal in /home/akshathkaushal/Desktop/Work/DevOps/iiitbcms)
09/May/2022:18:10:53 642 [SpringApplication.java] [INFO] com.spe.iiitbcms.repository.UserRepositoryTest No active profile set, falling back to default profiles: default
09/May/2022:18:10:54 090 [StartupInfoLogger.java] [INFO] com.spe.iiitbcms.repository.PostRepositoryTest Starting PostRepositoryTest using Java 11.0.15 on akshathkaushal-Latitude-5420 with PID 110313 (started by akshathkaushal in /home/akshathkaushal/Desktop/Work/DevOps/iiitbcms)
09/May/2022:18:10:54 091 [SpringApplication.java] [INFO] com.spe.iiitbcms.repository.PostRepositoryTest No active profile set, falling back to default profiles: default
09/May/2022:18:11:22 700 [StartupInfoLogger.java] [INFO] com.spe.iiitbcms.IiitbcmsApplicationTests Starting IiitbcmsApplicationTests using Java 11.0.15 on akshathkaushal-Latitude-5420 with PID 111489 (started by akshathkaushal in /home/akshathkaushal/Desktop/Work/DevOps/iiitbcms)
09/May/2022:18:11:22 703 [SpringApplication.java] [INFO] com.spe.iiitbcms.IiitbcmsApplicationTests No active profile set, falling back to default profiles: default
09/May/2022:18:11:34 308 [StartupInfoLogger.java] [INFO] com.spe.iiitbcms.IiitbcmsApplicationTests Starting IiitbcmsApplicationTests using Java 11.0.15 on akshathkaushal-Latitude-5420 with PID 111713 (started by akshathkaushal in /home/akshathkaushal/Desktop/Work/DevOps/iiitbcms)
09/May/2022:18:11:34 311 [SpringApplication.java] [INFO] com.spe.iiitbcms.IiitbcmsApplicationTests No active profile set, falling back to default profiles: default
09/May/2022:18:11:38 742 [StartupInfoLogger.java] [INFO] com.spe.iiitbcms.IiitbcmsApplicationTests Started IiitbcmsApplicationTests in 4.646 seconds (JVM running for 5.782)
09/May/2022:18:11:49 116 [StartupInfoLogger.java] [INFO] com.spe.iiitbcms.repository.UserRepositoryTest Starting UserRepositoryTest using Java 11.0.15 on akshathkaushal-Latitude-5420 with PID 111713 (started by akshathkaushal in /home/akshathkaushal/Desktop/Work/DevOps/iiitbcms)
09/May/2022:18:11:49 117 [SpringApplication.java] [INFO] com.spe.iiitbcms.repository.UserRepositoryTest No active profile set, falling back to default profiles: default
09/May/2022:18:11:50 359 [StartupInfoLogger.java] [INFO] com.spe.iiitbcms.repository.UserRepositoryTest Started UserRepositoryTest in 1.28 seconds (JVM running for 17.399)
09/May/2022:18:12:21 073 [StartupInfoLogger.java] [INFO] com.spe.iiitbcms.IiitbcmsApplicationTests Starting IiitbcmsApplicationTests using Java 11.0.15 on akshathkaushal-Latitude-5420 with PID 112794 (started by akshathkaushal in /home/akshathkaushal/Desktop/Work/DevOps/iiitbcms)
09/May/2022:18:12:21 076 [SpringApplication.java] [INFO] com.spe.iiitbcms.IiitbcmsApplicationTests No active profile set, falling back to default profiles: default
09/May/2022:18:12:23 624 [StartupInfoLogger.java] [INFO] com.spe.iiitbcms.service.CommentServiceTest Starting CommentServiceTest using Java 11.0.15 on akshathkaushal-Latitude-5420 with PID 112794 (started by akshathkaushal in /home/akshathkaushal/Desktop/Work/DevOps/iiitbcms)
09/May/2022:18:12:23 625 [SpringApplication.java] [INFO] com.spe.iiitbcms.service.CommentServiceTest No active profile set, falling back to default profiles: default
09/May/2022:18:12:24 205 [StartupInfoLogger.java] [INFO] com.spe.iiitbcms.service.CommentServiceTest Starting CommentServiceTest using Java 11.0.15 on akshathkaushal-Latitude-5420 with PID 112794 (started by akshathkaushal in /home/akshathkaushal/Desktop/Work/DevOps/iiitbcms)
09/May/2022:18:12:24 206 [SpringApplication.java] [INFO] com.spe.iiitbcms.service.CommentServiceTest No active profile set, falling back to default profiles: default
09/May/2022:18:12:24 692 [StartupInfoLogger.java] [INFO] com.spe.iiitbcms.service.PostServiceTest Starting PostServiceTest using Java 11.0.15 on akshathkaushal-Latitude-5420 with PID 112794 (started by akshathkaushal in /home/akshathkaushal/Desktop/Work/DevOps/iiitbcms)
09/May/2022:18:12:24 694 [SpringApplication.java] [INFO] com.spe.iiitbcms.service.PostServiceTest No active profile set, falling back to default profiles: default
09/May/2022:18:12:25 215 [StartupInfoLogger.java] [INFO] com.spe.iiitbcms.service.PostServiceTest Starting PostServiceTest using Java 11.0.15 on akshathkaushal-Latitude-5420 with PID 112794 (started by akshathkaushal in /home/akshathkaushal/Desktop/Work/DevOps/iiitbcms)
09/May/2022:18:12:25 216 [SpringApplication.java] [INFO] com.spe.iiitbcms.service.PostServiceTest No active profile set, falling back to default profiles: default
09/May/2022:18:12:35 527 [StartupInfoLogger.java] [INFO] com.spe.iiitbcms.repository.UserRepositoryTest Starting UserRepositoryTest using Java 11.0.15 on akshathkaushal-Latitude-5420 with PID 112794 (started by akshathkaushal in /home/akshathkaushal/Desktop/Work/DevOps/iiitbcms)
09/May/2022:18:12:35 528 [SpringApplication.java] [INFO] com.spe.iiitbcms.repository.UserRepositoryTest No active profile set, falling back to default profiles: default
09/May/2022:18:12:35 962 [StartupInfoLogger.java] [INFO] com.spe.iiitbcms.repository.PostRepositoryTest Starting PostRepositoryTest using Java 11.0.15 on akshathkaushal-Latitude-5420 with PID 112794 (started by akshathkaushal in /home/akshathkaushal/Desktop/Work/DevOps/iiitbcms)
09/May/2022:18:12:35 963 [SpringApplication.java] [INFO] com.spe.iiitbcms.repository.PostRepositoryTest No active profile set, falling back to default profiles: default
09/May/2022:18:14:05 362 [StartupInfoLogger.java] [INFO] com.spe.iiitbcms.IiitbcmsApplicationTests Starting IiitbcmsApplicationTests using Java 11.0.15 on akshathkaushal-Latitude-5420 with PID 114238 (started by akshathkaushal in /home/akshathkaushal/Desktop/Work/DevOps/iiitbcms)
09/May/2022:18:14:05 366 [SpringApplication.java] [INFO] com.spe.iiitbcms.IiitbcmsApplicationTests No active profile set, falling back to default profiles: default
09/May/2022:18:14:10 425 [StartupInfoLogger.java] [INFO] com.spe.iiitbcms.IiitbcmsApplicationTests Started IiitbcmsApplicationTests in 5.279 seconds (JVM running for 6.417)
09/May/2022:18:14:20 787 [StartupInfoLogger.java] [INFO] com.spe.iiitbcms.repository.UserRepositoryTest Starting UserRepositoryTest using Java 11.0.15 on akshathkaushal-Latitude-5420 with PID 114238 (started by akshathkaushal in /home/akshathkaushal/Desktop/Work/DevOps/iiitbcms)
09/May/2022:18:14:20 788 [SpringApplication.java] [INFO] com.spe.iiitbcms.repository.UserRepositoryTest No active profile set, falling back to default profiles: default
09/May/2022:18:14:21 969 [StartupInfoLogger.java] [INFO] com.spe.iiitbcms.repository.UserRepositoryTest Started UserRepositoryTest in 1.211 seconds (JVM running for 17.961)
09/May/2022:18:28:41 725 [StartupInfoLogger.java] [INFO] com.spe.iiitbcms.IiitbcmsApplicationTests Starting IiitbcmsApplicationTests using Java 11.0.15 on akshathkaushal-Latitude-5420 with PID 125755 (started by akshathkaushal in /home/akshathkaushal/Desktop/Work/DevOps/iiitbcms)
09/May/2022:18:28:41 729 [SpringApplication.java] [INFO] com.spe.iiitbcms.IiitbcmsApplicationTests No active profile set, falling back to default profiles: default
09/May/2022:18:28:45 854 [StartupInfoLogger.java] [INFO] com.spe.iiitbcms.IiitbcmsApplicationTests Started IiitbcmsApplicationTests in 4.337 seconds (JVM running for 5.449)
09/May/2022:18:28:56 384 [StartupInfoLogger.java] [INFO] com.spe.iiitbcms.repository.UserRepositoryTest Starting UserRepositoryTest using Java 11.0.15 on akshathkaushal-Latitude-5420 with PID 125755 (started by akshathkaushal in /home/akshathkaushal/Desktop/Work/DevOps/iiitbcms)
09/May/2022:18:28:56 385 [SpringApplication.java] [INFO] com.spe.iiitbcms.repository.UserRepositoryTest No active profile set, falling back to default profiles: default
09/May/2022:18:28:57 564 [StartupInfoLogger.java] [INFO] com.spe.iiitbcms.repository.UserRepositoryTest Started UserRepositoryTest in 1.208 seconds (JVM running for 17.159)
09/May/2022:18:29:44 542 [StartupInfoLogger.java] [INFO] com.spe.iiitbcms.SpringIIITcmsApplication Starting SpringIIITcmsApplication v0.0.1-SNAPSHOT using Java 11.0.15 on akshathkaushal-Latitude-5420 with PID 126803 (/home/akshathkaushal/Desktop/Work/DevOps/iiitbcms/target/spe-backend.jar started by akshathkaushal in /home/akshathkaushal/Desktop/Work/DevOps/iiitbcms)
09/May/2022:18:29:44 545 [SpringApplication.java] [INFO] com.spe.iiitbcms.SpringIIITcmsApplication No active profile set, falling back to default profiles: default
09/May/2022:18:29:49 895 [StartupInfoLogger.java] [INFO] com.spe.iiitbcms.SpringIIITcmsApplication Started SpringIIITcmsApplication in 5.699 seconds (JVM running for 6.655)
09/May/2022:18:42:27 452 [StartupInfoLogger.java] [INFO] com.spe.iiitbcms.IiitbcmsApplicationTests Starting IiitbcmsApplicationTests using Java 11.0.15 on akshathkaushal-Latitude-5420 with PID 132959 (started by akshathkaushal in /home/akshathkaushal/Desktop/Work/DevOps/iiitbcms)
09/May/2022:18:42:27 456 [SpringApplication.java] [INFO] com.spe.iiitbcms.IiitbcmsApplicationTests No active profile set, falling back to default profiles: default
09/May/2022:18:42:31 986 [StartupInfoLogger.java] [INFO] com.spe.iiitbcms.service.CommentServiceTest Starting CommentServiceTest using Java 11.0.15 on akshathkaushal-Latitude-5420 with PID 132959 (started by akshathkaushal in /home/akshathkaushal/Desktop/Work/DevOps/iiitbcms)
09/May/2022:18:42:31 987 [SpringApplication.java] [INFO] com.spe.iiitbcms.service.CommentServiceTest No active profile set, falling back to default profiles: default
09/May/2022:18:42:34 555 [StartupInfoLogger.java] [INFO] com.spe.iiitbcms.service.CommentServiceTest Starting CommentServiceTest using Java 11.0.15 on akshathkaushal-Latitude-5420 with PID 132959 (started by akshathkaushal in /home/akshathkaushal/Desktop/Work/DevOps/iiitbcms)
09/May/2022:18:42:34 556 [SpringApplication.java] [INFO] com.spe.iiitbcms.service.CommentServiceTest No active profile set, falling back to default profiles: default
09/May/2022:18:42:37 134 [StartupInfoLogger.java] [INFO] com.spe.iiitbcms.service.PostServiceTest Starting PostServiceTest using Java 11.0.15 on akshathkaushal-Latitude-5420 with PID 132959 (started by akshathkaushal in /home/akshathkaushal/Desktop/Work/DevOps/iiitbcms)
09/May/2022:18:42:37 134 [SpringApplication.java] [INFO] com.spe.iiitbcms.service.PostServiceTest No active profile set, falling back to default profiles: default
09/May/2022:18:42:39 635 [StartupInfoLogger.java] [INFO] com.spe.iiitbcms.service.PostServiceTest Starting PostServiceTest using Java 11.0.15 on akshathkaushal-Latitude-5420 with PID 132959 (started by akshathkaushal in /home/akshathkaushal/Desktop/Work/DevOps/iiitbcms)
09/May/2022:18:42:39 636 [SpringApplication.java] [INFO] com.spe.iiitbcms.service.PostServiceTest No active profile set, falling back to default profiles: default
09/May/2022:18:42:51 965 [StartupInfoLogger.java] [INFO] com.spe.iiitbcms.repository.UserRepositoryTest Starting UserRepositoryTest using Java 11.0.15 on akshathkaushal-Latitude-5420 with PID 132959 (started by akshathkaushal in /home/akshathkaushal/Desktop/Work/DevOps/iiitbcms)
09/May/2022:18:42:51 966 [SpringApplication.java] [INFO] com.spe.iiitbcms.repository.UserRepositoryTest No active profile set, falling back to default profiles: default
09/May/2022:18:42:54 464 [StartupInfoLogger.java] [INFO] com.spe.iiitbcms.repository.PostRepositoryTest Starting PostRepositoryTest using Java 11.0.15 on akshathkaushal-Latitude-5420 with PID 132959 (started by akshathkaushal in /home/akshathkaushal/Desktop/Work/DevOps/iiitbcms)
09/May/2022:18:42:54 465 [SpringApplication.java] [INFO] com.spe.iiitbcms.repository.PostRepositoryTest No active profile set, falling back to default profiles: default
09/May/2022:18:45:45 669 [StartupInfoLogger.java] [INFO] com.spe.iiitbcms.IiitbcmsApplicationTests Starting IiitbcmsApplicationTests using Java 11.0.15 on akshathkaushal-Latitude-5420 with PID 136010 (started by akshathkaushal in /home/akshathkaushal/Desktop/Work/DevOps/iiitbcms)
09/May/2022:18:45:45 671 [SpringApplication.java] [INFO] com.spe.iiitbcms.IiitbcmsApplicationTests No active profile set, falling back to default profiles: default
09/May/2022:18:45:50 170 [StartupInfoLogger.java] [INFO] com.spe.iiitbcms.service.CommentServiceTest Starting CommentServiceTest using Java 11.0.15 on akshathkaushal-Latitude-5420 with PID 136010 (started by akshathkaushal in /home/akshathkaushal/Desktop/Work/DevOps/iiitbcms)
09/May/2022:18:45:50 171 [SpringApplication.java] [INFO] com.spe.iiitbcms.service.CommentServiceTest No active profile set, falling back to default profiles: default
09/May/2022:18:45:52 725 [StartupInfoLogger.java] [INFO] com.spe.iiitbcms.service.CommentServiceTest Starting CommentServiceTest using Java 11.0.15 on akshathkaushal-Latitude-5420 with PID 136010 (started by akshathkaushal in /home/akshathkaushal/Desktop/Work/DevOps/iiitbcms)
09/May/2022:18:45:52 726 [SpringApplication.java] [INFO] com.spe.iiitbcms.service.CommentServiceTest No active profile set, falling back to default profiles: default
09/May/2022:18:45:55 340 [StartupInfoLogger.java] [INFO] com.spe.iiitbcms.service.PostServiceTest Starting PostServiceTest using Java 11.0.15 on akshathkaushal-Latitude-5420 with PID 136010 (started by akshathkaushal in /home/akshathkaushal/Desktop/Work/DevOps/iiitbcms)
09/May/2022:18:45:55 341 [SpringApplication.java] [INFO] com.spe.iiitbcms.service.PostServiceTest No active profile set, falling back to default profiles: default
09/May/2022:18:45:57 835 [StartupInfoLogger.java] [INFO] com.spe.iiitbcms.service.PostServiceTest Starting PostServiceTest using Java 11.0.15 on akshathkaushal-Latitude-5420 with PID 136010 (started by akshathkaushal in /home/akshathkaushal/Desktop/Work/DevOps/iiitbcms)
09/May/2022:18:45:57 837 [SpringApplication.java] [INFO] com.spe.iiitbcms.service.PostServiceTest No active profile set, falling back to default profiles: default
09/May/2022:18:46:10 511 [StartupInfoLogger.java] [INFO] com.spe.iiitbcms.repository.UserRepositoryTest Starting UserRepositoryTest using Java 11.0.15 on akshathkaushal-Latitude-5420 with PID 136010 (started by akshathkaushal in /home/akshathkaushal/Desktop/Work/DevOps/iiitbcms)
09/May/2022:18:46:10 512 [SpringApplication.java] [INFO] com.spe.iiitbcms.repository.UserRepositoryTest No active profile set, falling back to default profiles: default
09/May/2022:18:46:12 935 [StartupInfoLogger.java] [INFO] com.spe.iiitbcms.repository.PostRepositoryTest Starting PostRepositoryTest using Java 11.0.15 on akshathkaushal-Latitude-5420 with PID 136010 (started by akshathkaushal in /home/akshathkaushal/Desktop/Work/DevOps/iiitbcms)
09/May/2022:18:46:12 936 [SpringApplication.java] [INFO] com.spe.iiitbcms.repository.PostRepositoryTest No active profile set, falling back to default profiles: default
09/May/2022:18:56:38 935 [StartupInfoLogger.java] [INFO] com.spe.iiitbcms.IiitbcmsApplicationTests Starting IiitbcmsApplicationTests using Java 11.0.15 on akshathkaushal-Latitude-5420 with PID 146508 (started by akshathkaushal in /home/akshathkaushal/Desktop/Work/DevOps/iiitbcms)
09/May/2022:18:56:38 940 [SpringApplication.java] [INFO] com.spe.iiitbcms.IiitbcmsApplicationTests No active profile set, falling back to default profiles: default
09/May/2022:18:56:43 588 [StartupInfoLogger.java] [INFO] com.spe.iiitbcms.service.CommentServiceTest Starting CommentServiceTest using Java 11.0.15 on akshathkaushal-Latitude-5420 with PID 146508 (started by akshathkaushal in /home/akshathkaushal/Desktop/Work/DevOps/iiitbcms)
09/May/2022:18:56:43 589 [SpringApplication.java] [INFO] com.spe.iiitbcms.service.CommentServiceTest No active profile set, falling back to default profiles: default
09/May/2022:18:56:46 171 [StartupInfoLogger.java] [INFO] com.spe.iiitbcms.service.CommentServiceTest Starting CommentServiceTest using Java 11.0.15 on akshathkaushal-Latitude-5420 with PID 146508 (started by akshathkaushal in /home/akshathkaushal/Desktop/Work/DevOps/iiitbcms)
09/May/2022:18:56:46 171 [SpringApplication.java] [INFO] com.spe.iiitbcms.service.CommentServiceTest No active profile set, falling back to default profiles: default
09/May/2022:18:56:48 740 [StartupInfoLogger.java] [INFO] com.spe.iiitbcms.service.PostServiceTest Starting PostServiceTest using Java 11.0.15 on akshathkaushal-Latitude-5420 with PID 146508 (started by akshathkaushal in /home/akshathkaushal/Desktop/Work/DevOps/iiitbcms)
09/May/2022:18:56:48 741 [SpringApplication.java] [INFO] com.spe.iiitbcms.service.PostServiceTest No active profile set, falling back to default profiles: default
09/May/2022:18:56:51 278 [StartupInfoLogger.java] [INFO] com.spe.iiitbcms.service.PostServiceTest Starting PostServiceTest using Java 11.0.15 on akshathkaushal-Latitude-5420 with PID 146508 (started by akshathkaushal in /home/akshathkaushal/Desktop/Work/DevOps/iiitbcms)
09/May/2022:18:56:51 279 [SpringApplication.java] [INFO] com.spe.iiitbcms.service.PostServiceTest No active profile set, falling back to default profiles: default
09/May/2022:18:57:03 955 [StartupInfoLogger.java] [INFO] com.spe.iiitbcms.repository.UserRepositoryTest Starting UserRepositoryTest using Java 11.0.15 on akshathkaushal-Latitude-5420 with PID 146508 (started by akshathkaushal in /home/akshathkaushal/Desktop/Work/DevOps/iiitbcms)
09/May/2022:18:57:03 956 [SpringApplication.java] [INFO] com.spe.iiitbcms.repository.UserRepositoryTest No active profile set, falling back to default profiles: default
09/May/2022:18:57:06 442 [StartupInfoLogger.java] [INFO] com.spe.iiitbcms.repository.PostRepositoryTest Starting PostRepositoryTest using Java 11.0.15 on akshathkaushal-Latitude-5420 with PID 146508 (started by akshathkaushal in /home/akshathkaushal/Desktop/Work/DevOps/iiitbcms)
09/May/2022:18:57:06 443 [SpringApplication.java] [INFO] com.spe.iiitbcms.repository.PostRepositoryTest No active profile set, falling back to default profiles: default
09/May/2022:18:57:22 266 [StartupInfoLogger.java] [INFO] com.spe.iiitbcms.IiitbcmsApplicationTests Starting IiitbcmsApplicationTests using Java 11.0.15 on akshathkaushal-Latitude-5420 with PID 147533 (started by akshathkaushal in /home/akshathkaushal/Desktop/Work/DevOps/iiitbcms)
09/May/2022:18:57:22 269 [SpringApplication.java] [INFO] com.spe.iiitbcms.IiitbcmsApplicationTests No active profile set, falling back to default profiles: default
09/May/2022:18:57:26 978 [StartupInfoLogger.java] [INFO] com.spe.iiitbcms.service.CommentServiceTest Starting CommentServiceTest using Java 11.0.15 on akshathkaushal-Latitude-5420 with PID 147533 (started by akshathkaushal in /home/akshathkaushal/Desktop/Work/DevOps/iiitbcms)
09/May/2022:18:57:26 979 [SpringApplication.java] [INFO] com.spe.iiitbcms.service.CommentServiceTest No active profile set, falling back to default profiles: default
09/May/2022:18:57:29 537 [StartupInfoLogger.java] [INFO] com.spe.iiitbcms.service.CommentServiceTest Starting CommentServiceTest using Java 11.0.15 on akshathkaushal-Latitude-5420 with PID 147533 (started by akshathkaushal in /home/akshathkaushal/Desktop/Work/DevOps/iiitbcms)
09/May/2022:18:57:29 538 [SpringApplication.java] [INFO] com.spe.iiitbcms.service.CommentServiceTest No active profile set, falling back to default profiles: default
09/May/2022:18:57:32 094 [StartupInfoLogger.java] [INFO] com.spe.iiitbcms.service.PostServiceTest Starting PostServiceTest using Java 11.0.15 on akshathkaushal-Latitude-5420 with PID 147533 (started by akshathkaushal in /home/akshathkaushal/Desktop/Work/DevOps/iiitbcms)
09/May/2022:18:57:32 095 [SpringApplication.java] [INFO] com.spe.iiitbcms.service.PostServiceTest No active profile set, falling back to default profiles: default
09/May/2022:18:57:34 641 [StartupInfoLogger.java] [INFO] com.spe.iiitbcms.service.PostServiceTest Starting PostServiceTest using Java 11.0.15 on akshathkaushal-Latitude-5420 with PID 147533 (started by akshathkaushal in /home/akshathkaushal/Desktop/Work/DevOps/iiitbcms)
09/May/2022:18:57:34 642 [SpringApplication.java] [INFO] com.spe.iiitbcms.service.PostServiceTest No active profile set, falling back to default profiles: default
09/May/2022:18:57:47 397 [StartupInfoLogger.java] [INFO] com.spe.iiitbcms.repository.UserRepositoryTest Starting UserRepositoryTest using Java 11.0.15 on akshathkaushal-Latitude-5420 with PID 147533 (started by akshathkaushal in /home/akshathkaushal/Desktop/Work/DevOps/iiitbcms)
09/May/2022:18:57:47 399 [SpringApplication.java] [INFO] com.spe.iiitbcms.repository.UserRepositoryTest No active profile set, falling back to default profiles: default
09/May/2022:18:57:49 867 [StartupInfoLogger.java] [INFO] com.spe.iiitbcms.repository.PostRepositoryTest Starting PostRepositoryTest using Java 11.0.15 on akshathkaushal-Latitude-5420 with PID 147533 (started by akshathkaushal in /home/akshathkaushal/Desktop/Work/DevOps/iiitbcms)
09/May/2022:18:57:49 868 [SpringApplication.java] [INFO] com.spe.iiitbcms.repository.PostRepositoryTest No active profile set, falling back to default profiles: default
09/May/2022:19:01:30 400 [StartupInfoLogger.java] [INFO] com.spe.iiitbcms.IiitbcmsApplicationTests Starting IiitbcmsApplicationTests using Java 11.0.15 on akshathkaushal-Latitude-5420 with PID 150266 (started by akshathkaushal in /home/akshathkaushal/Desktop/Work/DevOps/iiitbcms)
09/May/2022:19:01:30 403 [SpringApplication.java] [INFO] com.spe.iiitbcms.IiitbcmsApplicationTests No active profile set, falling back to default profiles: default
09/May/2022:19:01:35 097 [StartupInfoLogger.java] [INFO] com.spe.iiitbcms.service.CommentServiceTest Starting CommentServiceTest using Java 11.0.15 on akshathkaushal-Latitude-5420 with PID 150266 (started by akshathkaushal in /home/akshathkaushal/Desktop/Work/DevOps/iiitbcms)
09/May/2022:19:01:35 098 [SpringApplication.java] [INFO] com.spe.iiitbcms.service.CommentServiceTest No active profile set, falling back to default profiles: default
09/May/2022:19:01:37 664 [StartupInfoLogger.java] [INFO] com.spe.iiitbcms.service.CommentServiceTest Starting CommentServiceTest using Java 11.0.15 on akshathkaushal-Latitude-5420 with PID 150266 (started by akshathkaushal in /home/akshathkaushal/Desktop/Work/DevOps/iiitbcms)
09/May/2022:19:01:37 665 [SpringApplication.java] [INFO] com.spe.iiitbcms.service.CommentServiceTest No active profile set, falling back to default profiles: default
09/May/2022:19:01:40 220 [StartupInfoLogger.java] [INFO] com.spe.iiitbcms.service.PostServiceTest Starting PostServiceTest using Java 11.0.15 on akshathkaushal-Latitude-5420 with PID 150266 (started by akshathkaushal in /home/akshathkaushal/Desktop/Work/DevOps/iiitbcms)
09/May/2022:19:01:40 221 [SpringApplication.java] [INFO] com.spe.iiitbcms.service.PostServiceTest No active profile set, falling back to default profiles: default
09/May/2022:19:01:42 720 [StartupInfoLogger.java] [INFO] com.spe.iiitbcms.service.PostServiceTest Starting PostServiceTest using Java 11.0.15 on akshathkaushal-Latitude-5420 with PID 150266 (started by akshathkaushal in /home/akshathkaushal/Desktop/Work/DevOps/iiitbcms)
09/May/2022:19:01:42 721 [SpringApplication.java] [INFO] com.spe.iiitbcms.service.PostServiceTest No active profile set, falling back to default profiles: default
09/May/2022:19:01:55 474 [StartupInfoLogger.java] [INFO] com.spe.iiitbcms.repository.UserRepositoryTest Starting UserRepositoryTest using Java 11.0.15 on akshathkaushal-Latitude-5420 with PID 150266 (started by akshathkaushal in /home/akshathkaushal/Desktop/Work/DevOps/iiitbcms)
09/May/2022:19:01:55 476 [SpringApplication.java] [INFO] com.spe.iiitbcms.repository.UserRepositoryTest No active profile set, falling back to default profiles: default
09/May/2022:19:01:58 012 [StartupInfoLogger.java] [INFO] com.spe.iiitbcms.repository.PostRepositoryTest Starting PostRepositoryTest using Java 11.0.15 on akshathkaushal-Latitude-5420 with PID 150266 (started by akshathkaushal in /home/akshathkaushal/Desktop/Work/DevOps/iiitbcms)
09/May/2022:19:01:58 013 [SpringApplication.java] [INFO] com.spe.iiitbcms.repository.PostRepositoryTest No active profile set, falling back to default profiles: default
09/May/2022:19:05:16 446 [StartupInfoLogger.java] [INFO] com.spe.iiitbcms.IiitbcmsApplicationTests Starting IiitbcmsApplicationTests using Java 11.0.15 on akshathkaushal-Latitude-5420 with PID 152685 (started by akshathkaushal in /home/akshathkaushal/Desktop/Work/DevOps/iiitbcms)
09/May/2022:19:05:16 449 [SpringApplication.java] [INFO] com.spe.iiitbcms.IiitbcmsApplicationTests No active profile set, falling back to default profiles: default
09/May/2022:19:05:21 463 [StartupInfoLogger.java] [INFO] com.spe.iiitbcms.IiitbcmsApplicationTests Started IiitbcmsApplicationTests in 5.463 seconds (JVM running for 6.698)
09/May/2022:19:05:33 698 [StartupInfoLogger.java] [INFO] com.spe.iiitbcms.repository.UserRepositoryTest Starting UserRepositoryTest using Java 11.0.15 on akshathkaushal-Latitude-5420 with PID 152685 (started by akshathkaushal in /home/akshathkaushal/Desktop/Work/DevOps/iiitbcms)
09/May/2022:19:05:33 700 [SpringApplication.java] [INFO] com.spe.iiitbcms.repository.UserRepositoryTest No active profile set, falling back to default profiles: default
09/May/2022:19:05:35 142 [StartupInfoLogger.java] [INFO] com.spe.iiitbcms.repository.UserRepositoryTest Started UserRepositoryTest in 1.476 seconds (JVM running for 20.377)
09/May/2022:19:29:40 173 [StartupInfoLogger.java] [INFO] com.spe.iiitbcms.IiitbcmsApplicationTests Starting IiitbcmsApplicationTests using Java 11.0.15 on akshathkaushal-Latitude-5420 with PID 168150 (started by akshathkaushal in /home/akshathkaushal/Desktop/Work/DevOps/iiitbcms)
09/May/2022:19:29:40 177 [SpringApplication.java] [INFO] com.spe.iiitbcms.IiitbcmsApplicationTests No active profile set, falling back to default profiles: default
09/May/2022:19:29:45 408 [StartupInfoLogger.java] [INFO] com.spe.iiitbcms.IiitbcmsApplicationTests Started IiitbcmsApplicationTests in 5.44 seconds (JVM running for 6.757)
09/May/2022:19:29:57 267 [StartupInfoLogger.java] [INFO] com.spe.iiitbcms.repository.UserRepositoryTest Starting UserRepositoryTest using Java 11.0.15 on akshathkaushal-Latitude-5420 with PID 168150 (started by akshathkaushal in /home/akshathkaushal/Desktop/Work/DevOps/iiitbcms)
09/May/2022:19:29:57 269 [SpringApplication.java] [INFO] com.spe.iiitbcms.repository.UserRepositoryTest No active profile set, falling back to default profiles: default
09/May/2022:19:29:58 853 [StartupInfoLogger.java] [INFO] com.spe.iiitbcms.repository.UserRepositoryTest Started UserRepositoryTest in 1.615 seconds (JVM running for 20.201)
09/May/2022:19:54:35 625 [StartupInfoLogger.java] [INFO] com.spe.iiitbcms.IiitbcmsApplicationTests Starting IiitbcmsApplicationTests using Java 11.0.15 on akshathkaushal-Latitude-5420 with PID 6659 (started by akshathkaushal in /home/akshathkaushal/Desktop/Work/DevOps/iiitbcms)
09/May/2022:19:54:35 629 [SpringApplication.java] [INFO] com.spe.iiitbcms.IiitbcmsApplicationTests No active profile set, falling back to default profiles: default
09/May/2022:19:54:40 263 [StartupInfoLogger.java] [INFO] com.spe.iiitbcms.service.CommentServiceTest Starting CommentServiceTest using Java 11.0.15 on akshathkaushal-Latitude-5420 with PID 6659 (started by akshathkaushal in /home/akshathkaushal/Desktop/Work/DevOps/iiitbcms)
09/May/2022:19:54:40 265 [SpringApplication.java] [INFO] com.spe.iiitbcms.service.CommentServiceTest No active profile set, falling back to default profiles: default
09/May/2022:19:54:42 960 [StartupInfoLogger.java] [INFO] com.spe.iiitbcms.service.CommentServiceTest Starting CommentServiceTest using Java 11.0.15 on akshathkaushal-Latitude-5420 with PID 6659 (started by akshathkaushal in /home/akshathkaushal/Desktop/Work/DevOps/iiitbcms)
09/May/2022:19:54:42 961 [SpringApplication.java] [INFO] com.spe.iiitbcms.service.CommentServiceTest No active profile set, falling back to default profiles: default
09/May/2022:19:54:45 567 [StartupInfoLogger.java] [INFO] com.spe.iiitbcms.service.PostServiceTest Starting PostServiceTest using Java 11.0.15 on akshathkaushal-Latitude-5420 with PID 6659 (started by akshathkaushal in /home/akshathkaushal/Desktop/Work/DevOps/iiitbcms)
09/May/2022:19:54:45 568 [SpringApplication.java] [INFO] com.spe.iiitbcms.service.PostServiceTest No active profile set, falling back to default profiles: default
09/May/2022:19:54:48 164 [StartupInfoLogger.java] [INFO] com.spe.iiitbcms.service.PostServiceTest Starting PostServiceTest using Java 11.0.15 on akshathkaushal-Latitude-5420 with PID 6659 (started by akshathkaushal in /home/akshathkaushal/Desktop/Work/DevOps/iiitbcms)
09/May/2022:19:54:48 165 [SpringApplication.java] [INFO] com.spe.iiitbcms.service.PostServiceTest No active profile set, falling back to default profiles: default
09/May/2022:19:55:01 528 [StartupInfoLogger.java] [INFO] com.spe.iiitbcms.repository.UserRepositoryTest Starting UserRepositoryTest using Java 11.0.15 on akshathkaushal-Latitude-5420 with PID 6659 (started by akshathkaushal in /home/akshathkaushal/Desktop/Work/DevOps/iiitbcms)
09/May/2022:19:55:01 529 [SpringApplication.java] [INFO] com.spe.iiitbcms.repository.UserRepositoryTest No active profile set, falling back to default profiles: default
09/May/2022:19:55:04 144 [StartupInfoLogger.java] [INFO] com.spe.iiitbcms.repository.PostRepositoryTest Starting PostRepositoryTest using Java 11.0.15 on akshathkaushal-Latitude-5420 with PID 6659 (started by akshathkaushal in /home/akshathkaushal/Desktop/Work/DevOps/iiitbcms)
09/May/2022:19:55:04 145 [SpringApplication.java] [INFO] com.spe.iiitbcms.repository.PostRepositoryTest No active profile set, falling back to default profiles: default
09/May/2022:19:56:19 856 [StartupInfoLogger.java] [INFO] com.spe.iiitbcms.IiitbcmsApplicationTests Starting IiitbcmsApplicationTests using Java 11.0.15 on akshathkaushal-Latitude-5420 with PID 9183 (started by akshathkaushal in /home/akshathkaushal/Desktop/Work/DevOps/iiitbcms)
09/May/2022:19:56:19 859 [SpringApplication.java] [INFO] com.spe.iiitbcms.IiitbcmsApplicationTests No active profile set, falling back to default profiles: default
09/May/2022:19:56:24 834 [StartupInfoLogger.java] [INFO] com.spe.iiitbcms.service.CommentServiceTest Starting CommentServiceTest using Java 11.0.15 on akshathkaushal-Latitude-5420 with PID 9183 (started by akshathkaushal in /home/akshathkaushal/Desktop/Work/DevOps/iiitbcms)
09/May/2022:19:56:24 835 [SpringApplication.java] [INFO] com.spe.iiitbcms.service.CommentServiceTest No active profile set, falling back to default profiles: default
09/May/2022:19:56:27 526 [StartupInfoLogger.java] [INFO] com.spe.iiitbcms.service.CommentServiceTest Starting CommentServiceTest using Java 11.0.15 on akshathkaushal-Latitude-5420 with PID 9183 (started by akshathkaushal in /home/akshathkaushal/Desktop/Work/DevOps/iiitbcms)
09/May/2022:19:56:27 527 [SpringApplication.java] [INFO] com.spe.iiitbcms.service.CommentServiceTest No active profile set, falling back to default profiles: default
09/May/2022:19:56:30 243 [StartupInfoLogger.java] [INFO] com.spe.iiitbcms.service.PostServiceTest Starting PostServiceTest using Java 11.0.15 on akshathkaushal-Latitude-5420 with PID 9183 (started by akshathkaushal in /home/akshathkaushal/Desktop/Work/DevOps/iiitbcms)
09/May/2022:19:56:30 244 [SpringApplication.java] [INFO] com.spe.iiitbcms.service.PostServiceTest No active profile set, falling back to default profiles: default
09/May/2022:19:56:32 809 [StartupInfoLogger.java] [INFO] com.spe.iiitbcms.service.PostServiceTest Starting PostServiceTest using Java 11.0.15 on akshathkaushal-Latitude-5420 with PID 9183 (started by akshathkaushal in /home/akshathkaushal/Desktop/Work/DevOps/iiitbcms)
09/May/2022:19:56:32 810 [SpringApplication.java] [INFO] com.spe.iiitbcms.service.PostServiceTest No active profile set, falling back to default profiles: default
09/May/2022:19:56:45 498 [StartupInfoLogger.java] [INFO] com.spe.iiitbcms.repository.UserRepositoryTest Starting UserRepositoryTest using Java 11.0.15 on akshathkaushal-Latitude-5420 with PID 9183 (started by akshathkaushal in /home/akshathkaushal/Desktop/Work/DevOps/iiitbcms)
09/May/2022:19:56:45 499 [SpringApplication.java] [INFO] com.spe.iiitbcms.repository.UserRepositoryTest No active profile set, falling back to default profiles: default
09/May/2022:19:56:47 988 [StartupInfoLogger.java] [INFO] com.spe.iiitbcms.repository.PostRepositoryTest Starting PostRepositoryTest using Java 11.0.15 on akshathkaushal-Latitude-5420 with PID 9183 (started by akshathkaushal in /home/akshathkaushal/Desktop/Work/DevOps/iiitbcms)
09/May/2022:19:56:47 989 [SpringApplication.java] [INFO] com.spe.iiitbcms.repository.PostRepositoryTest No active profile set, falling back to default profiles: default
09/May/2022:19:57:50 582 [StartupInfoLogger.java] [INFO] com.spe.iiitbcms.IiitbcmsApplicationTests Starting IiitbcmsApplicationTests using Java 11.0.15 on akshathkaushal-Latitude-5420 with PID 10028 (started by akshathkaushal in /home/akshathkaushal/Desktop/Work/DevOps/iiitbcms)
09/May/2022:19:57:50 586 [SpringApplication.java] [INFO] com.spe.iiitbcms.IiitbcmsApplicationTests No active profile set, falling back to default profiles: default
09/May/2022:19:57:56 130 [StartupInfoLogger.java] [INFO] com.spe.iiitbcms.service.CommentServiceTest Starting CommentServiceTest using Java 11.0.15 on akshathkaushal-Latitude-5420 with PID 10028 (started by akshathkaushal in /home/akshathkaushal/Desktop/Work/DevOps/iiitbcms)
09/May/2022:19:57:56 132 [SpringApplication.java] [INFO] com.spe.iiitbcms.service.CommentServiceTest No active profile set, falling back to default profiles: default
09/May/2022:19:57:58 888 [StartupInfoLogger.java] [INFO] com.spe.iiitbcms.service.CommentServiceTest Starting CommentServiceTest using Java 11.0.15 on akshathkaushal-Latitude-5420 with PID 10028 (started by akshathkaushal in /home/akshathkaushal/Desktop/Work/DevOps/iiitbcms)
09/May/2022:19:57:58 889 [SpringApplication.java] [INFO] com.spe.iiitbcms.service.CommentServiceTest No active profile set, falling back to default profiles: default
09/May/2022:19:58:01 520 [StartupInfoLogger.java] [INFO] com.spe.iiitbcms.service.PostServiceTest Starting PostServiceTest using Java 11.0.15 on akshathkaushal-Latitude-5420 with PID 10028 (started by akshathkaushal in /home/akshathkaushal/Desktop/Work/DevOps/iiitbcms)
09/May/2022:19:58:01 521 [SpringApplication.java] [INFO] com.spe.iiitbcms.service.PostServiceTest No active profile set, falling back to default profiles: default
09/May/2022:19:58:04 262 [StartupInfoLogger.java] [INFO] com.spe.iiitbcms.service.PostServiceTest Starting PostServiceTest using Java 11.0.15 on akshathkaushal-Latitude-5420 with PID 10028 (started by akshathkaushal in /home/akshathkaushal/Desktop/Work/DevOps/iiitbcms)
09/May/2022:19:58:04 263 [SpringApplication.java] [INFO] com.spe.iiitbcms.service.PostServiceTest No active profile set, falling back to default profiles: default
09/May/2022:19:58:18 658 [StartupInfoLogger.java] [INFO] com.spe.iiitbcms.repository.UserRepositoryTest Starting UserRepositoryTest using Java 11.0.15 on akshathkaushal-Latitude-5420 with PID 10028 (started by akshathkaushal in /home/akshathkaushal/Desktop/Work/DevOps/iiitbcms)
09/May/2022:19:58:18 659 [SpringApplication.java] [INFO] com.spe.iiitbcms.repository.UserRepositoryTest No active profile set, falling back to default profiles: default
09/May/2022:19:58:21 253 [StartupInfoLogger.java] [INFO] com.spe.iiitbcms.repository.PostRepositoryTest Starting PostRepositoryTest using Java 11.0.15 on akshathkaushal-Latitude-5420 with PID 10028 (started by akshathkaushal in /home/akshathkaushal/Desktop/Work/DevOps/iiitbcms)
09/May/2022:19:58:21 254 [SpringApplication.java] [INFO] com.spe.iiitbcms.repository.PostRepositoryTest No active profile set, falling back to default profiles: default
09/May/2022:20:01:18 374 [StartupInfoLogger.java] [INFO] com.spe.iiitbcms.IiitbcmsApplicationTests Starting IiitbcmsApplicationTests using Java 11.0.15 on akshathkaushal-Latitude-5420 with PID 11443 (started by akshathkaushal in /home/akshathkaushal/Desktop/Work/DevOps/iiitbcms)
09/May/2022:20:01:18 377 [SpringApplication.java] [INFO] com.spe.iiitbcms.IiitbcmsApplicationTests No active profile set, falling back to default profiles: default
09/May/2022:20:01:22 895 [StartupInfoLogger.java] [INFO] com.spe.iiitbcms.service.CommentServiceTest Starting CommentServiceTest using Java 11.0.15 on akshathkaushal-Latitude-5420 with PID 11443 (started by akshathkaushal in /home/akshathkaushal/Desktop/Work/DevOps/iiitbcms)
09/May/2022:20:01:22 896 [SpringApplication.java] [INFO] com.spe.iiitbcms.service.CommentServiceTest No active profile set, falling back to default profiles: default
09/May/2022:20:01:25 523 [StartupInfoLogger.java] [INFO] com.spe.iiitbcms.service.CommentServiceTest Starting CommentServiceTest using Java 11.0.15 on akshathkaushal-Latitude-5420 with PID 11443 (started by akshathkaushal in /home/akshathkaushal/Desktop/Work/DevOps/iiitbcms)
09/May/2022:20:01:25 524 [SpringApplication.java] [INFO] com.spe.iiitbcms.service.CommentServiceTest No active profile set, falling back to default profiles: default
09/May/2022:20:01:28 000 [StartupInfoLogger.java] [INFO] com.spe.iiitbcms.service.PostServiceTest Starting PostServiceTest using Java 11.0.15 on akshathkaushal-Latitude-5420 with PID 11443 (started by akshathkaushal in /home/akshathkaushal/Desktop/Work/DevOps/iiitbcms)
09/May/2022:20:01:28 001 [SpringApplication.java] [INFO] com.spe.iiitbcms.service.PostServiceTest No active profile set, falling back to default profiles: default
09/May/2022:20:01:30 597 [StartupInfoLogger.java] [INFO] com.spe.iiitbcms.service.PostServiceTest Starting PostServiceTest using Java 11.0.15 on akshathkaushal-Latitude-5420 with PID 11443 (started by akshathkaushal in /home/akshathkaushal/Desktop/Work/DevOps/iiitbcms)
09/May/2022:20:01:30 599 [SpringApplication.java] [INFO] com.spe.iiitbcms.service.PostServiceTest No active profile set, falling back to default profiles: default
09/May/2022:20:28:58 855 [StartupInfoLogger.java] [INFO] com.spe.iiitbcms.IiitbcmsApplicationTests Starting IiitbcmsApplicationTests using Java 11.0.15 on akshathkaushal-Latitude-5420 with PID 16944 (started by akshathkaushal in /home/akshathkaushal/Desktop/Work/DevOps/iiitbcms)
09/May/2022:20:28:58 858 [SpringApplication.java] [INFO] com.spe.iiitbcms.IiitbcmsApplicationTests No active profile set, falling back to default profiles: default
09/May/2022:20:29:04 329 [StartupInfoLogger.java] [INFO] com.spe.iiitbcms.IiitbcmsApplicationTests Started IiitbcmsApplicationTests in 5.735 seconds (JVM running for 6.969)
09/May/2022:20:29:16 189 [StartupInfoLogger.java] [INFO] com.spe.iiitbcms.repository.UserRepositoryTest Starting UserRepositoryTest using Java 11.0.15 on akshathkaushal-Latitude-5420 with PID 16944 (started by akshathkaushal in /home/akshathkaushal/Desktop/Work/DevOps/iiitbcms)
09/May/2022:20:29:16 190 [SpringApplication.java] [INFO] com.spe.iiitbcms.repository.UserRepositoryTest No active profile set, falling back to default profiles: default
09/May/2022:20:29:17 686 [StartupInfoLogger.java] [INFO] com.spe.iiitbcms.repository.UserRepositoryTest Started UserRepositoryTest in 1.517 seconds (JVM running for 20.326)
09/May/2022:21:53:08 812 [StartupInfoLogger.java] [INFO] com.spe.iiitbcms.IiitbcmsApplicationTests Starting IiitbcmsApplicationTests using Java 11.0.15 on akshathkaushal-Latitude-5420 with PID 91015 (started by akshathkaushal in /home/akshathkaushal/Desktop/Work/DevOps/iiitbcms)
09/May/2022:21:53:08 815 [SpringApplication.java] [INFO] com.spe.iiitbcms.IiitbcmsApplicationTests No active profile set, falling back to default profiles: default
09/May/2022:21:53:13 273 [StartupInfoLogger.java] [INFO] com.spe.iiitbcms.service.CommentServiceTest Starting CommentServiceTest using Java 11.0.15 on akshathkaushal-Latitude-5420 with PID 91015 (started by akshathkaushal in /home/akshathkaushal/Desktop/Work/DevOps/iiitbcms)
09/May/2022:21:53:13 274 [SpringApplication.java] [INFO] com.spe.iiitbcms.service.CommentServiceTest No active profile set, falling back to default profiles: default
09/May/2022:21:53:15 923 [StartupInfoLogger.java] [INFO] com.spe.iiitbcms.service.CommentServiceTest Starting CommentServiceTest using Java 11.0.15 on akshathkaushal-Latitude-5420 with PID 91015 (started by akshathkaushal in /home/akshathkaushal/Desktop/Work/DevOps/iiitbcms)
09/May/2022:21:53:15 924 [SpringApplication.java] [INFO] com.spe.iiitbcms.service.CommentServiceTest No active profile set, falling back to default profiles: default
09/May/2022:21:53:18 610 [StartupInfoLogger.java] [INFO] com.spe.iiitbcms.service.PostServiceTest Starting PostServiceTest using Java 11.0.15 on akshathkaushal-Latitude-5420 with PID 91015 (started by akshathkaushal in /home/akshathkaushal/Desktop/Work/DevOps/iiitbcms)
09/May/2022:21:53:18 611 [SpringApplication.java] [INFO] com.spe.iiitbcms.service.PostServiceTest No active profile set, falling back to default profiles: default
09/May/2022:21:53:21 194 [StartupInfoLogger.java] [INFO] com.spe.iiitbcms.service.PostServiceTest Starting PostServiceTest using Java 11.0.15 on akshathkaushal-Latitude-5420 with PID 91015 (started by akshathkaushal in /home/akshathkaushal/Desktop/Work/DevOps/iiitbcms)
09/May/2022:21:53:21 195 [SpringApplication.java] [INFO] com.spe.iiitbcms.service.PostServiceTest No active profile set, falling back to default profiles: default
09/May/2022:21:53:34 840 [StartupInfoLogger.java] [INFO] com.spe.iiitbcms.repository.UserRepositoryTest Starting UserRepositoryTest using Java 11.0.15 on akshathkaushal-Latitude-5420 with PID 91015 (started by akshathkaushal in /home/akshathkaushal/Desktop/Work/DevOps/iiitbcms)
09/May/2022:21:53:34 841 [SpringApplication.java] [INFO] com.spe.iiitbcms.repository.UserRepositoryTest No active profile set, falling back to default profiles: default
09/May/2022:21:53:37 377 [StartupInfoLogger.java] [INFO] com.spe.iiitbcms.repository.PostRepositoryTest Starting PostRepositoryTest using Java 11.0.15 on akshathkaushal-Latitude-5420 with PID 91015 (started by akshathkaushal in /home/akshathkaushal/Desktop/Work/DevOps/iiitbcms)
09/May/2022:21:53:37 378 [SpringApplication.java] [INFO] com.spe.iiitbcms.repository.PostRepositoryTest No active profile set, falling back to default profiles: default
09/May/2022:21:54:09 260 [StartupInfoLogger.java] [INFO] com.spe.iiitbcms.IiitbcmsApplicationTests Starting IiitbcmsApplicationTests using Java 11.0.15 on akshathkaushal-Latitude-5420 with PID 92054 (started by akshathkaushal in /home/akshathkaushal/Desktop/Work/DevOps/iiitbcms)
09/May/2022:21:54:09 263 [SpringApplication.java] [INFO] com.spe.iiitbcms.IiitbcmsApplicationTests No active profile set, falling back to default profiles: default
09/May/2022:21:54:13 833 [StartupInfoLogger.java] [INFO] com.spe.iiitbcms.service.CommentServiceTest Starting CommentServiceTest using Java 11.0.15 on akshathkaushal-Latitude-5420 with PID 92054 (started by akshathkaushal in /home/akshathkaushal/Desktop/Work/DevOps/iiitbcms)
09/May/2022:21:54:13 834 [SpringApplication.java] [INFO] com.spe.iiitbcms.service.CommentServiceTest No active profile set, falling back to default profiles: default
09/May/2022:21:54:43 831 [StartupInfoLogger.java] [INFO] com.spe.iiitbcms.IiitbcmsApplicationTests Starting IiitbcmsApplicationTests using Java 11.0.15 on akshathkaushal-Latitude-5420 with PID 92482 (started by akshathkaushal in /home/akshathkaushal/Desktop/Work/DevOps/iiitbcms)
09/May/2022:21:54:43 835 [SpringApplication.java] [INFO] com.spe.iiitbcms.IiitbcmsApplicationTests No active profile set, falling back to default profiles: default
09/May/2022:21:54:48 162 [StartupInfoLogger.java] [INFO] com.spe.iiitbcms.IiitbcmsApplicationTests Started IiitbcmsApplicationTests in 4.599 seconds (JVM running for 5.765)
09/May/2022:21:54:58 689 [StartupInfoLogger.java] [INFO] com.spe.iiitbcms.repository.UserRepositoryTest Starting UserRepositoryTest using Java 11.0.15 on akshathkaushal-Latitude-5420 with PID 92482 (started by akshathkaushal in /home/akshathkaushal/Desktop/Work/DevOps/iiitbcms)
09/May/2022:21:54:58 690 [SpringApplication.java] [INFO] com.spe.iiitbcms.repository.UserRepositoryTest No active profile set, falling back to default profiles: default
09/May/2022:21:54:59 835 [StartupInfoLogger.java] [INFO] com.spe.iiitbcms.repository.UserRepositoryTest Started UserRepositoryTest in 1.179 seconds (JVM running for 17.438)
